<?xml version="1.0" encoding="UTF-8" ?>
<testsuite failures="0" time="0.031" errors="0" skipped="0" tests="12" name="com.vote.dao.ActionRoleMapperTest">
  <properties>
[...]
</properties>
  <testcase time="0.006" classname="com.vote.dao.ActionRoleMapperTest" name="testUpdateByPrimaryKeySelective"/>
  <testcase time="0.001" classname="com.vote.dao.ActionRoleMapperTest" name="testDeleteByPrimaryKey"/>
  <testcase time="0.019" classname="com.vote.dao.ActionRoleMapperTest" name="testQueryRoleList"/>
  <testcase time="0" classname="com.vote.dao.ActionRoleMapperTest" name="testUpdateByPrimaryKey"/>
  <testcase time="0.001" classname="com.vote.dao.ActionRoleMapperTest" name="testSelectRoleList"/>
  <testcase time="0" classname="com.vote.dao.ActionRoleMapperTest" name="testRoleDelete"/>
  <testcase time="0.001" classname="com.vote.dao.ActionRoleMapperTest" name="testRoleEditOk"/>
  <testcase time="0" classname="com.vote.dao.ActionRoleMapperTest" name="testRoleEdit"/>
  <testcase time="0.001" classname="com.vote.dao.ActionRoleMapperTest" name="testInsertSelective"/>
  <testcase time="0.001" classname="com.vote.dao.ActionRoleMapperTest" name="testRoleAdd"/>
  <testcase time="0" classname="com.vote.dao.ActionRoleMapperTest" name="testSelectByPrimaryKey"/>
  <testcase time="0.001" classname="com.vote.dao.ActionRoleMapperTest" name="testInsert"/>
</testsuite>